<?xml version="1.0" encoding="UTF-8"?>
<coverage generated="1574333995933" clover="3.2.0">
  <project timestamp="1574333995933" name="All files">
    <metrics statements="25" coveredstatements="25" conditionals="18" coveredconditionals="18" methods="8" coveredmethods="8" elements="51" coveredelements="51" complexity="0" loc="25" ncloc="25" packages="1" files="2" classes="2"/>
    <file name="order.item.js" path="D:\Silicate Software\easyCode\Angular-HWs\hw13\src\order.item.js">
      <metrics statements="6" coveredstatements="6" conditionals="0" coveredconditionals="0" methods="2" coveredmethods="2"/>
      <line num="3" count="26" type="stmt"/>
      <line num="4" count="26" type="stmt"/>
      <line num="5" count="26" type="stmt"/>
      <line num="6" count="26" type="stmt"/>
      <line num="10" count="22" type="stmt"/>
      <line num="14" count="2" type="stmt"/>
    </file>
    <file name="order.js" path="D:\Silicate Software\easyCode\Angular-HWs\hw13\src\order.js">
      <metrics statements="19" coveredstatements="19" conditionals="18" coveredconditionals="18" methods="6" coveredmethods="6"/>
      <line num="1" count="1" type="stmt"/>
      <line num="5" count="13" type="stmt"/>
      <line num="6" count="13" type="stmt"/>
      <line num="9" count="13" type="stmt"/>
      <line num="13" count="26" type="cond" truecount="2" falsecount="0"/>
      <line num="19" count="3" type="cond" truecount="2" falsecount="0"/>
      <line num="20" count="2" type="cond" truecount="2" falsecount="0"/>
      <line num="21" count="1" type="stmt"/>
      <line num="28" count="10" type="cond" truecount="2" falsecount="0"/>
      <line num="31" count="9" type="cond" truecount="4" falsecount="0"/>
      <line num="34" count="7" type="cond" truecount="2" falsecount="0"/>
      <line num="36" count="6" type="stmt"/>
      <line num="37" count="6" type="stmt"/>
      <line num="43" count="2" type="stmt"/>
      <line num="44" count="21" type="stmt"/>
      <line num="49" count="2" type="cond" truecount="4" falsecount="0"/>
      <line num="50" count="1" type="stmt"/>
      <line num="52" count="1" type="stmt"/>
      <line num="56" count="1" type="stmt"/>
    </file>
  </project>
</coverage>
