{"D:\\Silicate Software\\easyCode\\Angular-HWs\\hw13\\src\\order.item.js": {"path":"D:\\Silicate Software\\easyCode\\Angular-HWs\\hw13\\src\\order.item.js","statementMap":{"0":{"start":{"line":3,"column":4},"end":{"line":3,"column":29}},"1":{"start":{"line":4,"column":4},"end":{"line":4,"column":23}},"2":{"start":{"line":5,"column":4},"end":{"line":5,"column":23}},"3":{"start":{"line":6,"column":4},"end":{"line":6,"column":21}},"4":{"start":{"line":10,"column":4},"end":{"line":10,"column":73}},"5":{"start":{"line":14,"column":0},"end":{"line":14,"column":27}}},"fnMap":{"0":{"name":"(anonymous_0)","decl":{"start":{"line":2,"column":2},"end":{"line":2,"column":3}},"loc":{"start":{"line":2,"column":38},"end":{"line":7,"column":3}},"line":2},"1":{"name":"(anonymous_1)","decl":{"start":{"line":9,"column":2},"end":{"line":9,"column":3}},"loc":{"start":{"line":9,"column":14},"end":{"line":11,"column":3}},"line":9}},"branchMap":{},"s":{"0":26,"1":26,"2":26,"3":26,"4":22,"5":2},"f":{"0":26,"1":22},"b":{},"_coverageSchema":"43e27e138ebf9cfc5966b082cf9a028302ed4184","hash":"1508cc7a42f9f847a7a89c4c337c3c32ec0922cb"}
,"D:\\Silicate Software\\easyCode\\Angular-HWs\\hw13\\src\\order.js": {"path":"D:\\Silicate Software\\easyCode\\Angular-HWs\\hw13\\src\\order.js","statementMap":{"0":{"start":{"line":1,"column":18},"end":{"line":1,"column":41}},"1":{"start":{"line":5,"column":4},"end":{"line":5,"column":50}},"2":{"start":{"line":6,"column":4},"end":{"line":6,"column":25}},"3":{"start":{"line":9,"column":4},"end":{"line":9,"column":23}},"4":{"start":{"line":13,"column":4},"end":{"line":13,"column":62}},"5":{"start":{"line":13,"column":35},"end":{"line":13,"column":62}},"6":{"start":{"line":19,"column":4},"end":{"line":19,"column":71}},"7":{"start":{"line":19,"column":35},"end":{"line":19,"column":71}},"8":{"start":{"line":20,"column":4},"end":{"line":20,"column":79}},"9":{"start":{"line":20,"column":41},"end":{"line":20,"column":79}},"10":{"start":{"line":21,"column":4},"end":{"line":21,"column":37}},"11":{"start":{"line":28,"column":4},"end":{"line":28,"column":60}},"12":{"start":{"line":28,"column":38},"end":{"line":28,"column":60}},"13":{"start":{"line":31,"column":4},"end":{"line":31,"column":79}},"14":{"start":{"line":31,"column":41},"end":{"line":31,"column":79}},"15":{"start":{"line":34,"column":4},"end":{"line":34,"column":57}},"16":{"start":{"line":34,"column":35},"end":{"line":34,"column":57}},"17":{"start":{"line":36,"column":4},"end":{"line":36,"column":30}},"18":{"start":{"line":37,"column":4},"end":{"line":37,"column":26}},"19":{"start":{"line":43,"column":21},"end":{"line":46,"column":5}},"20":{"start":{"line":44,"column":22},"end":{"line":44,"column":39}},"21":{"start":{"line":49,"column":4},"end":{"line":50,"column":51}},"22":{"start":{"line":50,"column":6},"end":{"line":50,"column":51}},"23":{"start":{"line":52,"column":4},"end":{"line":52,"column":68}},"24":{"start":{"line":56,"column":0},"end":{"line":56,"column":23}}},"fnMap":{"0":{"name":"(anonymous_0)","decl":{"start":{"line":4,"column":2},"end":{"line":4,"column":3}},"loc":{"start":{"line":4,"column":16},"end":{"line":10,"column":3}},"line":4},"1":{"name":"(anonymous_1)","decl":{"start":{"line":12,"column":2},"end":{"line":12,"column":3}},"loc":{"start":{"line":12,"column":21},"end":{"line":14,"column":3}},"line":12},"2":{"name":"(anonymous_2)","decl":{"start":{"line":18,"column":2},"end":{"line":18,"column":3}},"loc":{"start":{"line":18,"column":25},"end":{"line":22,"column":3}},"line":18},"3":{"name":"(anonymous_3)","decl":{"start":{"line":26,"column":2},"end":{"line":26,"column":3}},"loc":{"start":{"line":26,"column":24},"end":{"line":38,"column":3}},"line":26},"4":{"name":"(anonymous_4)","decl":{"start":{"line":42,"column":2},"end":{"line":42,"column":3}},"loc":{"start":{"line":42,"column":14},"end":{"line":53,"column":3}},"line":42},"5":{"name":"(anonymous_5)","decl":{"start":{"line":44,"column":6},"end":{"line":44,"column":7}},"loc":{"start":{"line":44,"column":22},"end":{"line":44,"column":39}},"line":44}},"branchMap":{"0":{"loc":{"start":{"line":13,"column":4},"end":{"line":13,"column":62}},"type":"if","locations":[{"start":{"line":13,"column":4},"end":{"line":13,"column":62}},{"start":{"line":13,"column":4},"end":{"line":13,"column":62}}],"line":13},"1":{"loc":{"start":{"line":19,"column":4},"end":{"line":19,"column":71}},"type":"if","locations":[{"start":{"line":19,"column":4},"end":{"line":19,"column":71}},{"start":{"line":19,"column":4},"end":{"line":19,"column":71}}],"line":19},"2":{"loc":{"start":{"line":20,"column":4},"end":{"line":20,"column":79}},"type":"if","locations":[{"start":{"line":20,"column":4},"end":{"line":20,"column":79}},{"start":{"line":20,"column":4},"end":{"line":20,"column":79}}],"line":20},"3":{"loc":{"start":{"line":28,"column":4},"end":{"line":28,"column":60}},"type":"if","locations":[{"start":{"line":28,"column":4},"end":{"line":28,"column":60}},{"start":{"line":28,"column":4},"end":{"line":28,"column":60}}],"line":28},"4":{"loc":{"start":{"line":31,"column":4},"end":{"line":31,"column":79}},"type":"if","locations":[{"start":{"line":31,"column":4},"end":{"line":31,"column":79}},{"start":{"line":31,"column":4},"end":{"line":31,"column":79}}],"line":31},"5":{"loc":{"start":{"line":31,"column":8},"end":{"line":31,"column":39}},"type":"binary-expr","locations":[{"start":{"line":31,"column":8},"end":{"line":31,"column":23}},{"start":{"line":31,"column":27},"end":{"line":31,"column":39}}],"line":31},"6":{"loc":{"start":{"line":34,"column":4},"end":{"line":34,"column":57}},"type":"if","locations":[{"start":{"line":34,"column":4},"end":{"line":34,"column":57}},{"start":{"line":34,"column":4},"end":{"line":34,"column":57}}],"line":34},"7":{"loc":{"start":{"line":49,"column":4},"end":{"line":50,"column":51}},"type":"if","locations":[{"start":{"line":49,"column":4},"end":{"line":50,"column":51}},{"start":{"line":49,"column":4},"end":{"line":50,"column":51}}],"line":49},"8":{"loc":{"start":{"line":49,"column":8},"end":{"line":49,"column":58}},"type":"binary-expr","locations":[{"start":{"line":49,"column":8},"end":{"line":49,"column":35}},{"start":{"line":49,"column":39},"end":{"line":49,"column":58}}],"line":49}},"s":{"0":1,"1":13,"2":13,"3":13,"4":26,"5":25,"6":3,"7":1,"8":2,"9":1,"10":1,"11":10,"12":1,"13":9,"14":2,"15":7,"16":1,"17":6,"18":6,"19":2,"20":21,"21":2,"22":1,"23":1,"24":1},"f":{"0":13,"1":26,"2":3,"3":10,"4":2,"5":21},"b":{"0":[25,1],"1":[1,2],"2":[1,1],"3":[1,9],"4":[2,7],"5":[9,8],"6":[1,6],"7":[1,1],"8":[2,1]},"_coverageSchema":"43e27e138ebf9cfc5966b082cf9a028302ed4184","hash":"bf30cc90a494cecf90dcc869caec05092d287191"}
}
