TN:
SF:D:\Silicate Software\easyCode\Angular-HWs\hw13\src\order.item.js
FN:2,(anonymous_0)
FN:9,(anonymous_1)
FNF:2
FNH:2
FNDA:26,(anonymous_0)
FNDA:22,(anonymous_1)
DA:3,26
DA:4,26
DA:5,26
DA:6,26
DA:10,22
DA:14,2
LF:6
LH:6
BRF:0
BRH:0
end_of_record
TN:
SF:D:\Silicate Software\easyCode\Angular-HWs\hw13\src\order.js
FN:4,(anonymous_0)
FN:12,(anonymous_1)
FN:18,(anonymous_2)
FN:26,(anonymous_3)
FN:42,(anonymous_4)
FN:44,(anonymous_5)
FNF:6
FNH:6
FNDA:13,(anonymous_0)
FNDA:26,(anonymous_1)
FNDA:3,(anonymous_2)
FNDA:10,(anonymous_3)
FNDA:2,(anonymous_4)
FNDA:21,(anonymous_5)
DA:1,1
DA:5,13
DA:6,13
DA:9,13
DA:13,26
DA:19,3
DA:20,2
DA:21,1
DA:28,10
DA:31,9
DA:34,7
DA:36,6
DA:37,6
DA:43,2
DA:44,21
DA:49,2
DA:50,1
DA:52,1
DA:56,1
LF:19
LH:19
BRDA:13,0,0,25
BRDA:13,0,1,1
BRDA:19,1,0,1
BRDA:19,1,1,2
BRDA:20,2,0,1
BRDA:20,2,1,1
BRDA:28,3,0,1
BRDA:28,3,1,9
BRDA:31,4,0,2
BRDA:31,4,1,7
BRDA:31,5,0,9
BRDA:31,5,1,8
BRDA:34,6,0,1
BRDA:34,6,1,6
BRDA:49,7,0,1
BRDA:49,7,1,1
BRDA:49,8,0,2
BRDA:49,8,1,1
BRF:18
BRH:18
end_of_record
